<?xml version="1.0" encoding="UTF-8"?>
<!-- Generated by org.testng.reporters.JUnitXMLReporter -->
<testsuite ignored="0" hostname="Thenmozhi" failures="0" tests="3" name="Default test" time="7.964" errors="0" timestamp="2026-01-31T22:24:40 CST">
  <testcase classname="javaPackage.FacebookTestNG1" name="createaccount" time="2.587"/>
  <testcase classname="javaPackage.FacebookTestNG1" name="birthdatepicker" time="1.02"/>
  <testcase classname="javaPackage.FacebookTestNG1" name="genderselect" time="2.293"/>
</testsuite> <!-- Default test -->
