<?xml version="1.0" encoding="UTF-8"?>
<testng-results ignored="0" total="3" passed="3" failed="0" skipped="0">
  <reporter-output>
  </reporter-output>
  <suite started-at="2026-01-31T22:24:32 CST" name="Default suite" finished-at="2026-01-31T22:24:40 CST" duration-ms="7964">
    <groups>
    </groups>
    <test started-at="2026-01-31T22:24:32 CST" name="Default test" finished-at="2026-01-31T22:24:40 CST" duration-ms="7964">
      <class name="javaPackage.FacebookTestNG1">
        <test-method is-config="true" signature="setup()[pri:0, instance:javaPackage.FacebookTestNG1@77888435]" started-at="2026-01-31T22:24:32 CST" name="setup" finished-at="2026-01-31T22:24:34 CST" duration-ms="1683" status="PASS">
          <reporter-output>
          </reporter-output>
        </test-method> <!-- setup -->
        <test-method signature="createaccount()[pri:1, instance:javaPackage.FacebookTestNG1@77888435]" started-at="2026-01-31T22:24:34 CST" name="createaccount" finished-at="2026-01-31T22:24:37 CST" duration-ms="2587" status="PASS">
          <reporter-output>
          </reporter-output>
        </test-method> <!-- createaccount -->
        <test-method signature="birthdatepicker()[pri:2, instance:javaPackage.FacebookTestNG1@77888435]" started-at="2026-01-31T22:24:37 CST" name="birthdatepicker" finished-at="2026-01-31T22:24:38 CST" duration-ms="1020" status="PASS">
          <reporter-output>
          </reporter-output>
        </test-method> <!-- birthdatepicker -->
        <test-method signature="genderselect()[pri:3, instance:javaPackage.FacebookTestNG1@77888435]" started-at="2026-01-31T22:24:38 CST" name="genderselect" finished-at="2026-01-31T22:24:40 CST" duration-ms="2293" status="PASS">
          <reporter-output>
          </reporter-output>
        </test-method> <!-- genderselect -->
        <test-method is-config="true" signature="closedriver()[pri:0, instance:javaPackage.FacebookTestNG1@77888435]" started-at="2026-01-31T22:24:40 CST" name="closedriver" finished-at="2026-01-31T22:24:40 CST" duration-ms="305" status="PASS">
          <reporter-output>
          </reporter-output>
        </test-method> <!-- closedriver -->
      </class> <!-- javaPackage.FacebookTestNG1 -->
    </test> <!-- Default test -->
  </suite> <!-- Default suite -->
</testng-results>
