<?xml version="1.0" encoding="UTF-8"?>
<testng-results ignored="0" total="5" passed="5" failed="0" skipped="0">
  <reporter-output>
  </reporter-output>
  <suite started-at="2026-01-29T10:46:48 CST" name="Default suite" finished-at="2026-01-29T10:46:48 CST" duration-ms="90">
    <groups>
    </groups>
    <test started-at="2026-01-29T10:46:48 CST" name="Default test" finished-at="2026-01-29T10:46:48 CST" duration-ms="90">
      <class name="javaPackage.TestNG3">
        <test-method signature="a()[pri:0, instance:javaPackage.TestNG3@74fe5c40]" started-at="2026-01-29T10:46:48 CST" name="a" finished-at="2026-01-29T10:46:48 CST" duration-ms="18" status="PASS">
          <reporter-output>
          </reporter-output>
        </test-method> <!-- a -->
        <test-method signature="b()[pri:0, instance:javaPackage.TestNG3@74fe5c40]" started-at="2026-01-29T10:46:48 CST" name="b" finished-at="2026-01-29T10:46:48 CST" duration-ms="2" status="PASS">
          <reporter-output>
          </reporter-output>
        </test-method> <!-- b -->
        <test-method signature="d()[pri:0, instance:javaPackage.TestNG3@74fe5c40]" started-at="2026-01-29T10:46:48 CST" name="d" finished-at="2026-01-29T10:46:48 CST" duration-ms="1" status="PASS">
          <reporter-output>
          </reporter-output>
        </test-method> <!-- d -->
        <test-method signature="e()[pri:0, instance:javaPackage.TestNG3@74fe5c40]" started-at="2026-01-29T10:46:48 CST" name="e" finished-at="2026-01-29T10:46:48 CST" duration-ms="3" status="PASS">
          <reporter-output>
          </reporter-output>
        </test-method> <!-- e -->
        <test-method signature="c()[pri:1, instance:javaPackage.TestNG3@74fe5c40]" started-at="2026-01-29T10:46:48 CST" name="c" finished-at="2026-01-29T10:46:48 CST" duration-ms="2" status="PASS">
          <reporter-output>
          </reporter-output>
        </test-method> <!-- c -->
      </class> <!-- javaPackage.TestNG3 -->
    </test> <!-- Default test -->
  </suite> <!-- Default suite -->
</testng-results>
