<?xml version="1.0" encoding="UTF-8"?>
<!-- Generated by org.testng.reporters.JUnitReportReporter -->
<testsuite hostname="Thenmozhi" failures="0" tests="5" name="javaPackage.TestNG3" time="0.026" errors="0" timestamp="2026-01-29T10:46:48 CST" skipped="0">
  <testcase classname="javaPackage.TestNG3" name="a" time="0.018"/>
  <testcase classname="javaPackage.TestNG3" name="b" time="0.002"/>
  <testcase classname="javaPackage.TestNG3" name="d" time="0.001"/>
  <testcase classname="javaPackage.TestNG3" name="e" time="0.003"/>
  <testcase classname="javaPackage.TestNG3" name="c" time="0.002"/>
</testsuite> <!-- javaPackage.TestNG3 -->
