<?xml version="1.0" encoding="UTF-8"?>
<!-- Generated by org.testng.reporters.JUnitReportReporter -->
<testsuite hostname="Thenmozhi" failures="0" tests="7" name="javaPackage.TestNG4" time="0.025" errors="0" timestamp="2026-01-29T10:30:36 CST" skipped="1">
  <testcase classname="javaPackage.TestNG4" name="a" time="0.015"/>
  <testcase classname="javaPackage.TestNG4" name="d" time="0.002"/>
  <testcase classname="javaPackage.TestNG4" name="e" time="0.005"/>
  <testcase classname="javaPackage.TestNG4" name="d" time="0.002"/>
  <testcase classname="javaPackage.TestNG4" name="d" time="0.000"/>
  <testcase classname="javaPackage.TestNG4" name="c" time="0.001"/>
  <testcase classname="javaPackage.TestNG4" name="b">
    <skipped/>
  </testcase> <!-- b -->
</testsuite> <!-- javaPackage.TestNG4 -->
