<?xml version="1.0" encoding="UTF-8"?>
<!-- Generated by org.testng.reporters.JUnitReportReporter -->
<testsuite hostname="Thenmozhi" failures="0" tests="3" name="javaPackage.FacebookTestNG1" time="5.900" errors="0" timestamp="2026-01-31T22:24:40 CST" skipped="0">
  <testcase classname="javaPackage.FacebookTestNG1" name="createaccount" time="2.587"/>
  <testcase classname="javaPackage.FacebookTestNG1" name="birthdatepicker" time="1.020"/>
  <testcase classname="javaPackage.FacebookTestNG1" name="genderselect" time="2.293"/>
</testsuite> <!-- javaPackage.FacebookTestNG1 -->
