<?xml version="1.0" encoding="UTF-8"?>
<!-- Generated by org.testng.reporters.JUnitReportReporter -->
<testsuite hostname="Thenmozhi" failures="0" tests="4" name="javaPackage.TestNG2" time="0.018" errors="0" timestamp="2026-01-28T22:09:27 CST" skipped="0">
  <testcase classname="javaPackage.TestNG2" name="login" time="0.007"/>
  <testcase classname="javaPackage.TestNG2" name="dashboard" time="0.003"/>
  <testcase classname="javaPackage.TestNG2" name="amazon" time="0.007"/>
  <testcase classname="javaPackage.TestNG2" name="facebook" time="0.001"/>
</testsuite> <!-- javaPackage.TestNG2 -->
